<?xml version="1.0" encoding="UTF-8"?>
<!-- Generated by org.testng.reporters.JUnitReportReporter -->
<testsuite hostname="Pavanka01" failures="0" tests="2" name="Tests.LoginTest" time="16.161" errors="0" timestamp="2024-07-15T10:18:39 IST" skipped="0">
  <testcase classname="Tests.LoginTest" name="checkBoxForm" time="9.368"/>
  <testcase classname="Tests.LoginTest" name="fillTextBoxForm" time="6.793"/>
</testsuite> <!-- Tests.LoginTest -->
