<?xml version="1.0" encoding="UTF-8"?>
<!-- Generated by org.testng.reporters.JUnitReportReporter -->
<testsuite hostname="Pavanka01" failures="0" tests="1" name="SeleniumProject.FirstTest" time="8.313" errors="0" timestamp="2024-07-12T12:46:49 IST" skipped="0">
  <testcase classname="SeleniumProject.FirstTest" name="openGoogle" time="8.313"/>
</testsuite> <!-- SeleniumProject.FirstTest -->
